This file contains any messages produced by compilers while
running configure, to aid debugging if configure makes a mistake.

It was created by Zoids-Quest configure 0.0.1, which was
generated by GNU Autoconf 2.59.  Invocation command line was

  $ ./configure 

## --------- ##
## Platform. ##
## --------- ##

hostname = invariant-2.local
uname -m = i386
uname -r = 10.8.0
uname -s = Darwin
uname -v = Darwin Kernel Version 10.8.0: Tue Jun  7 16:33:36 PDT 2011; root:xnu-1504.15.3~1/RELEASE_I386

/usr/bin/uname -p = i386
/bin/uname -X     = unknown

/bin/arch              = unknown
/usr/bin/arch -k       = unknown
/usr/convex/getsysinfo = unknown
hostinfo               = Mach kernel version:
	 Darwin Kernel Version 10.8.0: Tue Jun  7 16:33:36 PDT 2011; root:xnu-1504.15.3~1/RELEASE_I386
Kernel configured for up to 2 processors.
2 processors are physically available.
2 processors are logically available.
Processor type: i486 (Intel 80486)
Processors active: 0 1
Primary memory available: 2.00 gigabytes
Default processor set: 89 tasks, 494 threads, 2 processors
Load average: 0.56, Mach factor: 1.54
/bin/machine           = unknown
/usr/bin/oslevel       = unknown
/bin/universe          = unknown

PATH: /opt/local/bin
PATH: /opt/local/sbin
PATH: /usr/bin
PATH: /bin
PATH: /usr/sbin
PATH: /sbin
PATH: /usr/local/bin
PATH: /opt/X11/bin
PATH: /usr/local/git/bin
PATH: /usr/texbin
PATH: /usr/X11/bin
PATH: /opt/local/bin


## ----------- ##
## Core tests. ##
## ----------- ##

configure:1369: checking build system type
configure:1387: result: i686-apple-darwin10.8.0
configure:1395: checking host system type
configure:1409: result: i686-apple-darwin10.8.0
configure:1417: checking target system type
configure:1431: result: i686-apple-darwin10.8.0
configure:1459: checking for a BSD-compatible install
configure:1514: result: /usr/bin/install -c
configure:1525: checking whether build environment is sane
configure:1568: result: yes
configure:1633: checking for gawk
configure:1662: result: no
configure:1633: checking for mawk
configure:1662: result: no
configure:1633: checking for nawk
configure:1662: result: no
configure:1633: checking for awk
configure:1649: found /usr/bin/awk
configure:1659: result: awk
configure:1669: checking whether make sets $(MAKE)
configure:1689: result: yes
configure:1914: checking for g++
configure:1930: found /usr/bin/g++
configure:1940: result: g++
configure:1956: checking for C++ compiler version
configure:1959: g++ --version </dev/null >&5
i686-apple-darwin10-g++-4.2.1 (GCC) 4.2.1 (Apple Inc. build 5646)
Copyright (C) 2007 Free Software Foundation, Inc.
This is free software; see the source for copying conditions.  There is NO
warranty; not even for MERCHANTABILITY or FITNESS FOR A PARTICULAR PURPOSE.

configure:1962: $? = 0
configure:1964: g++ -v </dev/null >&5
Using built-in specs.
Target: i686-apple-darwin10
Configured with: /var/tmp/gcc/gcc-5646~6/src/configure --disable-checking --enable-werror --prefix=/usr --mandir=/share/man --enable-languages=c,objc,c++,obj-c++ --program-transform-name=/^[cg][^.-]*$/s/$/-4.2/ --with-slibdir=/usr/lib --build=i686-apple-darwin10 --with-gxx-include-dir=/include/c++/4.2.1 --program-prefix=i686-apple-darwin10- --host=x86_64-apple-darwin10 --target=i686-apple-darwin10
Thread model: posix
gcc version 4.2.1 (Apple Inc. build 5646)
configure:1967: $? = 0
configure:1969: g++ -V </dev/null >&5
g++-4.2: argument to `-V' is missing
configure:1972: $? = 1
configure:1995: checking for C++ compiler default output file name
configure:1998: g++    conftest.cc  >&5
configure:2001: $? = 0
configure:2047: result: a.out
configure:2052: checking whether the C++ compiler works
configure:2058: ./a.out
configure:2061: $? = 0
configure:2078: result: yes
configure:2085: checking whether we are cross compiling
configure:2087: result: no
configure:2090: checking for suffix of executables
configure:2092: g++ -o conftest    conftest.cc  >&5
configure:2095: $? = 0
configure:2120: result: 
configure:2126: checking for suffix of object files
configure:2147: g++ -c   conftest.cc >&5
configure:2150: $? = 0
configure:2172: result: o
configure:2176: checking whether we are using the GNU C++ compiler
configure:2200: g++ -c   conftest.cc >&5
configure:2206: $? = 0
configure:2209: test -z 			 || test ! -s conftest.err
configure:2212: $? = 0
configure:2215: test -s conftest.o
configure:2218: $? = 0
configure:2231: result: yes
configure:2237: checking whether g++ accepts -g
configure:2258: g++ -c -g  conftest.cc >&5
configure:2264: $? = 0
configure:2267: test -z 			 || test ! -s conftest.err
configure:2270: $? = 0
configure:2273: test -s conftest.o
configure:2276: $? = 0
configure:2287: result: yes
configure:2329: g++ -c -g -O2  conftest.cc >&5
configure:2335: $? = 0
configure:2338: test -z 			 || test ! -s conftest.err
configure:2341: $? = 0
configure:2344: test -s conftest.o
configure:2347: $? = 0
configure:2373: g++ -c -g -O2  conftest.cc >&5
conftest.cc: In function 'int main()':
conftest.cc:15: error: 'exit' was not declared in this scope
configure:2379: $? = 1
configure: failed program was:
| /* confdefs.h.  */
| 
| #define PACKAGE_NAME "Zoids-Quest"
| #define PACKAGE_TARNAME "zoids-quest"
| #define PACKAGE_VERSION "0.0.1"
| #define PACKAGE_STRING "Zoids-Quest 0.0.1"
| #define PACKAGE_BUGREPORT ""
| #define PACKAGE "zoids-quest"
| #define VERSION "0.0.1"
| /* end confdefs.h.  */
| 
| int
| main ()
| {
| exit (42);
|   ;
|   return 0;
| }
configure:2329: g++ -c -g -O2  conftest.cc >&5
conftest.cc:11: error: 'void std::exit(int)' should have been declared inside 'std'
In file included from conftest.cc:12:
/usr/include/stdlib.h:159: error: declaration of 'void std::exit(int)' throws different exceptions
conftest.cc:11: error: from previous declaration 'void std::exit(int) throw ()'
configure:2335: $? = 1
configure: failed program was:
| /* confdefs.h.  */
| 
| #define PACKAGE_NAME "Zoids-Quest"
| #define PACKAGE_TARNAME "zoids-quest"
| #define PACKAGE_VERSION "0.0.1"
| #define PACKAGE_STRING "Zoids-Quest 0.0.1"
| #define PACKAGE_BUGREPORT ""
| #define PACKAGE "zoids-quest"
| #define VERSION "0.0.1"
| /* end confdefs.h.  */
| extern "C" void std::exit (int) throw (); using std::exit;
| #include <stdlib.h>
| int
| main ()
| {
| exit (42);
|   ;
|   return 0;
| }
configure:2329: g++ -c -g -O2  conftest.cc >&5
conftest.cc:11: error: 'void std::exit(int)' should have been declared inside 'std'
configure:2335: $? = 1
configure: failed program was:
| /* confdefs.h.  */
| 
| #define PACKAGE_NAME "Zoids-Quest"
| #define PACKAGE_TARNAME "zoids-quest"
| #define PACKAGE_VERSION "0.0.1"
| #define PACKAGE_STRING "Zoids-Quest 0.0.1"
| #define PACKAGE_BUGREPORT ""
| #define PACKAGE "zoids-quest"
| #define VERSION "0.0.1"
| /* end confdefs.h.  */
| extern "C" void std::exit (int); using std::exit;
| #include <stdlib.h>
| int
| main ()
| {
| exit (42);
|   ;
|   return 0;
| }
configure:2329: g++ -c -g -O2  conftest.cc >&5
In file included from conftest.cc:12:
/usr/include/stdlib.h:159: error: declaration of 'void exit(int)' throws different exceptions
conftest.cc:11: error: from previous declaration 'void exit(int) throw ()'
configure:2335: $? = 1
configure: failed program was:
| /* confdefs.h.  */
| 
| #define PACKAGE_NAME "Zoids-Quest"
| #define PACKAGE_TARNAME "zoids-quest"
| #define PACKAGE_VERSION "0.0.1"
| #define PACKAGE_STRING "Zoids-Quest 0.0.1"
| #define PACKAGE_BUGREPORT ""
| #define PACKAGE "zoids-quest"
| #define VERSION "0.0.1"
| /* end confdefs.h.  */
| extern "C" void exit (int) throw ();
| #include <stdlib.h>
| int
| main ()
| {
| exit (42);
|   ;
|   return 0;
| }
configure:2329: g++ -c -g -O2  conftest.cc >&5
configure:2335: $? = 0
configure:2338: test -z 			 || test ! -s conftest.err
configure:2341: $? = 0
configure:2344: test -s conftest.o
configure:2347: $? = 0
configure:2373: g++ -c -g -O2  conftest.cc >&5
configure:2379: $? = 0
configure:2382: test -z 			 || test ! -s conftest.err
configure:2385: $? = 0
configure:2388: test -s conftest.o
configure:2391: $? = 0
configure:2425: checking for style of include used by make
configure:2453: result: GNU
configure:2481: checking dependency style of g++
configure:2571: result: gcc3
configure:2634: checking for gcc
configure:2650: found /usr/bin/gcc
configure:2660: result: gcc
configure:2904: checking for C compiler version
configure:2907: gcc --version </dev/null >&5
i686-apple-darwin10-gcc-4.2.1 (GCC) 4.2.1 (Apple Inc. build 5646)
Copyright (C) 2007 Free Software Foundation, Inc.
This is free software; see the source for copying conditions.  There is NO
warranty; not even for MERCHANTABILITY or FITNESS FOR A PARTICULAR PURPOSE.

configure:2910: $? = 0
configure:2912: gcc -v </dev/null >&5
Using built-in specs.
Target: i686-apple-darwin10
Configured with: /var/tmp/gcc/gcc-5646~6/src/configure --disable-checking --enable-werror --prefix=/usr --mandir=/share/man --enable-languages=c,objc,c++,obj-c++ --program-transform-name=/^[cg][^.-]*$/s/$/-4.2/ --with-slibdir=/usr/lib --build=i686-apple-darwin10 --with-gxx-include-dir=/include/c++/4.2.1 --program-prefix=i686-apple-darwin10- --host=x86_64-apple-darwin10 --target=i686-apple-darwin10
Thread model: posix
gcc version 4.2.1 (Apple Inc. build 5646)
configure:2915: $? = 0
configure:2917: gcc -V </dev/null >&5
gcc-4.2: argument to `-V' is missing
configure:2920: $? = 1
configure:2923: checking whether we are using the GNU C compiler
configure:2947: gcc -c   conftest.c >&5
configure:2953: $? = 0
configure:2956: test -z 			 || test ! -s conftest.err
configure:2959: $? = 0
configure:2962: test -s conftest.o
configure:2965: $? = 0
configure:2978: result: yes
configure:2984: checking whether gcc accepts -g
configure:3005: gcc -c -g  conftest.c >&5
configure:3011: $? = 0
configure:3014: test -z 			 || test ! -s conftest.err
configure:3017: $? = 0
configure:3020: test -s conftest.o
configure:3023: $? = 0
configure:3034: result: yes
configure:3051: checking for gcc option to accept ANSI C
configure:3121: gcc  -c -g -O2  conftest.c >&5
configure:3127: $? = 0
configure:3130: test -z 			 || test ! -s conftest.err
configure:3133: $? = 0
configure:3136: test -s conftest.o
configure:3139: $? = 0
configure:3157: result: none needed
configure:3175: gcc -c -g -O2  conftest.c >&5
conftest.c:2: error: expected '=', ',', ';', 'asm' or '__attribute__' before 'me'
configure:3181: $? = 1
configure: failed program was:
| #ifndef __cplusplus
|   choke me
| #endif
configure:3313: checking dependency style of gcc
configure:3403: result: gcc3
configure:3464: checking for sdl-config
configure:3482: found /opt/local/bin/sdl-config
configure:3495: result: /opt/local/bin/sdl-config
configure:3503: checking for SDL - version >= 1.2.4
configure:3593: gcc -o conftest -g -O2 -I/opt/local/include/SDL -D_GNU_SOURCE=1 -D_THREAD_SAFE   conftest.c  -L/opt/local/lib -lSDLmain -Wl,-framework,AppKit -lSDL -Wl,-framework,Cocoa >&5
configure:3596: $? = 0
configure:3598: ./conftest
configure:3601: $? = 0
configure:3619: result: yes
configure:3759: checking for xml2-config
configure:3777: found /opt/local/bin/xml2-config
configure:3790: result: /opt/local/bin/xml2-config
configure:3798: checking for libxml - version >= 2.0.0
configure:3905: gcc -o conftest -g -O2 -I/opt/local/include/SDL -D_GNU_SOURCE=1 -D_THREAD_SAFE  -I/opt/local/include/libxml2  conftest.c -L/opt/local/lib -lxml2 -lz -lpthread -liconv -lm  -L/opt/local/lib -lSDLmain -Wl,-framework,AppKit -lSDL -Wl,-framework,Cocoa >&5
configure:3908: $? = 0
configure:3910: ./conftest
configure:3913: $? = 0
configure:3932: result: yes (version 2.9.2)
configure:4032: checking for main in -lSDL_gfx
configure:4056: gcc -o conftest -g -O2 -I/opt/local/include/SDL -D_GNU_SOURCE=1 -D_THREAD_SAFE -I/opt/local/include/libxml2   conftest.c -lSDL_gfx   -L/opt/local/lib -lSDLmain -Wl,-framework,AppKit -lSDL -Wl,-framework,Cocoa -L/opt/local/lib -lxml2 -lz -lpthread -liconv -lm >&5
configure:4062: $? = 0
configure:4065: test -z 			 || test ! -s conftest.err
configure:4068: $? = 0
configure:4071: test -s conftest
configure:4074: $? = 0
configure:4087: result: yes
configure:4101: checking for main in -lSDL_image
configure:4125: gcc -o conftest -g -O2 -I/opt/local/include/SDL -D_GNU_SOURCE=1 -D_THREAD_SAFE -I/opt/local/include/libxml2   conftest.c -lSDL_image  -lSDL_gfx  -L/opt/local/lib -lSDLmain -Wl,-framework,AppKit -lSDL -Wl,-framework,Cocoa -L/opt/local/lib -lxml2 -lz -lpthread -liconv -lm >&5
configure:4131: $? = 0
configure:4134: test -z 			 || test ! -s conftest.err
configure:4137: $? = 0
configure:4140: test -s conftest
configure:4143: $? = 0
configure:4156: result: yes
configure:4170: checking for main in -lSDL_mixer
configure:4194: gcc -o conftest -g -O2 -I/opt/local/include/SDL -D_GNU_SOURCE=1 -D_THREAD_SAFE -I/opt/local/include/libxml2   conftest.c -lSDL_mixer  -lSDL_image -lSDL_gfx  -L/opt/local/lib -lSDLmain -Wl,-framework,AppKit -lSDL -Wl,-framework,Cocoa -L/opt/local/lib -lxml2 -lz -lpthread -liconv -lm >&5
configure:4200: $? = 0
configure:4203: test -z 			 || test ! -s conftest.err
configure:4206: $? = 0
configure:4209: test -s conftest
configure:4212: $? = 0
configure:4225: result: yes
configure:4246: checking how to run the C preprocessor
configure:4281: gcc -E  conftest.c
configure:4287: $? = 0
configure:4319: gcc -E  conftest.c
conftest.c:17:28: error: ac_nonexistent.h: No such file or directory
configure:4325: $? = 1
configure: failed program was:
| /* confdefs.h.  */
| 
| #define PACKAGE_NAME "Zoids-Quest"
| #define PACKAGE_TARNAME "zoids-quest"
| #define PACKAGE_VERSION "0.0.1"
| #define PACKAGE_STRING "Zoids-Quest 0.0.1"
| #define PACKAGE_BUGREPORT ""
| #define PACKAGE "zoids-quest"
| #define VERSION "0.0.1"
| #ifdef __cplusplus
| extern "C" void exit (int);
| #endif
| #define HAVE_LIBSDL_GFX 1
| #define HAVE_LIBSDL_IMAGE 1
| #define HAVE_LIBSDL_MIXER 1
| /* end confdefs.h.  */
| #include <ac_nonexistent.h>
configure:4364: result: gcc -E
configure:4388: gcc -E  conftest.c
configure:4394: $? = 0
configure:4426: gcc -E  conftest.c
conftest.c:17:28: error: ac_nonexistent.h: No such file or directory
configure:4432: $? = 1
configure: failed program was:
| /* confdefs.h.  */
| 
| #define PACKAGE_NAME "Zoids-Quest"
| #define PACKAGE_TARNAME "zoids-quest"
| #define PACKAGE_VERSION "0.0.1"
| #define PACKAGE_STRING "Zoids-Quest 0.0.1"
| #define PACKAGE_BUGREPORT ""
| #define PACKAGE "zoids-quest"
| #define VERSION "0.0.1"
| #ifdef __cplusplus
| extern "C" void exit (int);
| #endif
| #define HAVE_LIBSDL_GFX 1
| #define HAVE_LIBSDL_IMAGE 1
| #define HAVE_LIBSDL_MIXER 1
| /* end confdefs.h.  */
| #include <ac_nonexistent.h>
configure:4476: checking for egrep
configure:4486: result: grep -E
configure:4491: checking for ANSI C header files
configure:4516: gcc -c -g -O2 -I/opt/local/include/SDL -D_GNU_SOURCE=1 -D_THREAD_SAFE -I/opt/local/include/libxml2  conftest.c >&5
configure:4522: $? = 0
configure:4525: test -z 			 || test ! -s conftest.err
configure:4528: $? = 0
configure:4531: test -s conftest.o
configure:4534: $? = 0
configure:4623: gcc -o conftest -g -O2 -I/opt/local/include/SDL -D_GNU_SOURCE=1 -D_THREAD_SAFE -I/opt/local/include/libxml2   conftest.c -lSDL_mixer -lSDL_image -lSDL_gfx  -L/opt/local/lib -lSDLmain -Wl,-framework,AppKit -lSDL -Wl,-framework,Cocoa -L/opt/local/lib -lxml2 -lz -lpthread -liconv -lm >&5
conftest.c: In function 'main':
conftest.c:34: warning: incompatible implicit declaration of built-in function 'exit'
configure:4626: $? = 0
configure:4628: ./conftest
configure:4631: $? = 0
configure:4646: result: yes
configure:4670: checking for sys/types.h
configure:4686: gcc -c -g -O2 -I/opt/local/include/SDL -D_GNU_SOURCE=1 -D_THREAD_SAFE -I/opt/local/include/libxml2  conftest.c >&5
configure:4692: $? = 0
configure:4695: test -z 			 || test ! -s conftest.err
configure:4698: $? = 0
configure:4701: test -s conftest.o
configure:4704: $? = 0
configure:4715: result: yes
configure:4670: checking for sys/stat.h
configure:4686: gcc -c -g -O2 -I/opt/local/include/SDL -D_GNU_SOURCE=1 -D_THREAD_SAFE -I/opt/local/include/libxml2  conftest.c >&5
configure:4692: $? = 0
configure:4695: test -z 			 || test ! -s conftest.err
configure:4698: $? = 0
configure:4701: test -s conftest.o
configure:4704: $? = 0
configure:4715: result: yes
configure:4670: checking for stdlib.h
configure:4686: gcc -c -g -O2 -I/opt/local/include/SDL -D_GNU_SOURCE=1 -D_THREAD_SAFE -I/opt/local/include/libxml2  conftest.c >&5
configure:4692: $? = 0
configure:4695: test -z 			 || test ! -s conftest.err
configure:4698: $? = 0
configure:4701: test -s conftest.o
configure:4704: $? = 0
configure:4715: result: yes
configure:4670: checking for string.h
configure:4686: gcc -c -g -O2 -I/opt/local/include/SDL -D_GNU_SOURCE=1 -D_THREAD_SAFE -I/opt/local/include/libxml2  conftest.c >&5
configure:4692: $? = 0
configure:4695: test -z 			 || test ! -s conftest.err
configure:4698: $? = 0
configure:4701: test -s conftest.o
configure:4704: $? = 0
configure:4715: result: yes
configure:4670: checking for memory.h
configure:4686: gcc -c -g -O2 -I/opt/local/include/SDL -D_GNU_SOURCE=1 -D_THREAD_SAFE -I/opt/local/include/libxml2  conftest.c >&5
configure:4692: $? = 0
configure:4695: test -z 			 || test ! -s conftest.err
configure:4698: $? = 0
configure:4701: test -s conftest.o
configure:4704: $? = 0
configure:4715: result: yes
configure:4670: checking for strings.h
configure:4686: gcc -c -g -O2 -I/opt/local/include/SDL -D_GNU_SOURCE=1 -D_THREAD_SAFE -I/opt/local/include/libxml2  conftest.c >&5
configure:4692: $? = 0
configure:4695: test -z 			 || test ! -s conftest.err
configure:4698: $? = 0
configure:4701: test -s conftest.o
configure:4704: $? = 0
configure:4715: result: yes
configure:4670: checking for inttypes.h
configure:4686: gcc -c -g -O2 -I/opt/local/include/SDL -D_GNU_SOURCE=1 -D_THREAD_SAFE -I/opt/local/include/libxml2  conftest.c >&5
configure:4692: $? = 0
configure:4695: test -z 			 || test ! -s conftest.err
configure:4698: $? = 0
configure:4701: test -s conftest.o
configure:4704: $? = 0
configure:4715: result: yes
configure:4670: checking for stdint.h
configure:4686: gcc -c -g -O2 -I/opt/local/include/SDL -D_GNU_SOURCE=1 -D_THREAD_SAFE -I/opt/local/include/libxml2  conftest.c >&5
configure:4692: $? = 0
configure:4695: test -z 			 || test ! -s conftest.err
configure:4698: $? = 0
configure:4701: test -s conftest.o
configure:4704: $? = 0
configure:4715: result: yes
configure:4670: checking for unistd.h
configure:4686: gcc -c -g -O2 -I/opt/local/include/SDL -D_GNU_SOURCE=1 -D_THREAD_SAFE -I/opt/local/include/libxml2  conftest.c >&5
configure:4692: $? = 0
configure:4695: test -z 			 || test ! -s conftest.err
configure:4698: $? = 0
configure:4701: test -s conftest.o
configure:4704: $? = 0
configure:4715: result: yes
configure:4735: checking for stdlib.h
configure:4740: result: yes
configure:4735: checking for string.h
configure:4740: result: yes
configure:4735: checking for strings.h
configure:4740: result: yes
configure:4735: checking for unistd.h
configure:4740: result: yes
configure:4881: checking for stdbool.h that conforms to C99
configure:4934: gcc -c -g -O2 -I/opt/local/include/SDL -D_GNU_SOURCE=1 -D_THREAD_SAFE -I/opt/local/include/libxml2  conftest.c >&5
configure:4940: $? = 0
configure:4943: test -z 			 || test ! -s conftest.err
configure:4946: $? = 0
configure:4949: test -s conftest.o
configure:4952: $? = 0
configure:4963: result: yes
configure:4965: checking for _Bool
configure:4989: gcc -c -g -O2 -I/opt/local/include/SDL -D_GNU_SOURCE=1 -D_THREAD_SAFE -I/opt/local/include/libxml2  conftest.c >&5
configure:4995: $? = 0
configure:4998: test -z 			 || test ! -s conftest.err
configure:5001: $? = 0
configure:5004: test -s conftest.o
configure:5007: $? = 0
configure:5018: result: yes
configure:5037: checking for an ANSI C-conforming const
configure:5104: gcc -c -g -O2 -I/opt/local/include/SDL -D_GNU_SOURCE=1 -D_THREAD_SAFE -I/opt/local/include/libxml2  conftest.c >&5
configure:5110: $? = 0
configure:5113: test -z 			 || test ! -s conftest.err
configure:5116: $? = 0
configure:5119: test -s conftest.o
configure:5122: $? = 0
configure:5133: result: yes
configure:5264: creating ./config.status

## ---------------------- ##
## Running config.status. ##
## ---------------------- ##

This file was extended by Zoids-Quest config.status 0.0.1, which was
generated by GNU Autoconf 2.59.  Invocation command line was

  CONFIG_FILES    = 
  CONFIG_HEADERS  = 
  CONFIG_LINKS    = 
  CONFIG_COMMANDS = 
  $ ./config.status 

on invariant-2.local

config.status:753: creating Makefile
config.status:753: creating src/Makefile
config.status:819: creating config.h
config.status:943: config.h is unchanged
config.status:1123: executing depfiles commands

## ---------------- ##
## Cache variables. ##
## ---------------- ##

ac_cv_build=i686-apple-darwin10.8.0
ac_cv_build_alias=i686-apple-darwin10.8.0
ac_cv_c_compiler_gnu=yes
ac_cv_c_const=yes
ac_cv_cxx_compiler_gnu=yes
ac_cv_env_CC_set=
ac_cv_env_CC_value=
ac_cv_env_CFLAGS_set=
ac_cv_env_CFLAGS_value=
ac_cv_env_CPPFLAGS_set=
ac_cv_env_CPPFLAGS_value=
ac_cv_env_CPP_set=
ac_cv_env_CPP_value=
ac_cv_env_CXXFLAGS_set=
ac_cv_env_CXXFLAGS_value=
ac_cv_env_CXX_set=
ac_cv_env_CXX_value=
ac_cv_env_LDFLAGS_set=
ac_cv_env_LDFLAGS_value=
ac_cv_env_build_alias_set=
ac_cv_env_build_alias_value=
ac_cv_env_host_alias_set=
ac_cv_env_host_alias_value=
ac_cv_env_target_alias_set=
ac_cv_env_target_alias_value=
ac_cv_exeext=
ac_cv_header_inttypes_h=yes
ac_cv_header_memory_h=yes
ac_cv_header_stdbool_h=yes
ac_cv_header_stdc=yes
ac_cv_header_stdint_h=yes
ac_cv_header_stdlib_h=yes
ac_cv_header_string_h=yes
ac_cv_header_strings_h=yes
ac_cv_header_sys_stat_h=yes
ac_cv_header_sys_types_h=yes
ac_cv_header_unistd_h=yes
ac_cv_host=i686-apple-darwin10.8.0
ac_cv_host_alias=i686-apple-darwin10.8.0
ac_cv_lib_SDL_gfx=ac_cv_lib_SDL_gfx_main
ac_cv_lib_SDL_gfx_main=yes
ac_cv_lib_SDL_image=ac_cv_lib_SDL_image_main
ac_cv_lib_SDL_image_main=yes
ac_cv_lib_SDL_mixer=ac_cv_lib_SDL_mixer_main
ac_cv_lib_SDL_mixer_main=yes
ac_cv_objext=o
ac_cv_path_SDL_CONFIG=/opt/local/bin/sdl-config
ac_cv_path_XML2_CONFIG=/opt/local/bin/xml2-config
ac_cv_path_install='/usr/bin/install -c'
ac_cv_prog_AWK=awk
ac_cv_prog_CPP='gcc -E'
ac_cv_prog_ac_ct_CC=gcc
ac_cv_prog_ac_ct_CXX=g++
ac_cv_prog_cc_g=yes
ac_cv_prog_cc_stdc=
ac_cv_prog_cxx_g=yes
ac_cv_prog_egrep='grep -E'
ac_cv_prog_make_make_set=yes
ac_cv_target=i686-apple-darwin10.8.0
ac_cv_target_alias=i686-apple-darwin10.8.0
ac_cv_type__Bool=yes
am_cv_CC_dependencies_compiler_type=gcc3
am_cv_CXX_dependencies_compiler_type=gcc3

## ----------------- ##
## Output variables. ##
## ----------------- ##

ACLOCAL='${SHELL} /Users/maxatkin/Documents/src/zoidsquest-0.0.2/missing --run aclocal-1.9'
AMDEPBACKSLASH='\'
AMDEP_FALSE='#'
AMDEP_TRUE=''
AMTAR='${SHELL} /Users/maxatkin/Documents/src/zoidsquest-0.0.2/missing --run tar'
AUTOCONF='${SHELL} /Users/maxatkin/Documents/src/zoidsquest-0.0.2/missing --run autoconf'
AUTOHEADER='${SHELL} /Users/maxatkin/Documents/src/zoidsquest-0.0.2/missing --run autoheader'
AUTOMAKE='${SHELL} /Users/maxatkin/Documents/src/zoidsquest-0.0.2/missing --run automake-1.9'
AWK='awk'
CC='gcc'
CCDEPMODE='depmode=gcc3'
CFLAGS='-g -O2 -I/opt/local/include/SDL -D_GNU_SOURCE=1 -D_THREAD_SAFE -I/opt/local/include/libxml2'
CPP='gcc -E'
CPPFLAGS=''
CXX='g++'
CXXDEPMODE='depmode=gcc3'
CXXFLAGS='-g -O2 -I/opt/local/include/SDL -D_GNU_SOURCE=1 -D_THREAD_SAFE -I/opt/local/include/libxml2'
CYGPATH_W='echo'
DEFS='-DHAVE_CONFIG_H'
DEPDIR='.deps'
ECHO_C='ECHO_N=''
ECHO_T=''
EGREP='grep -E'
EXEEXT=''
INSTALL_DATA='${INSTALL} -m 644'
INSTALL_PROGRAM='${INSTALL}'
INSTALL_SCRIPT='${INSTALL}'
INSTALL_STRIP_PROGRAM='${SHELL} $(install_sh) -c -s'
LDFLAGS=''
LIBOBJS=''
LIBS='-lSDL_mixer -lSDL_image -lSDL_gfx  -L/opt/local/lib -lSDLmain -Wl,-framework,AppKit -lSDL -Wl,-framework,Cocoa -L/opt/local/lib -lxml2 -lz -lpthread -liconv -lm'
LTLIBOBJS=''
MAKEINFO='${SHELL} /Users/maxatkin/Documents/src/zoidsquest-0.0.2/missing --run makeinfo'
OBJEXT='o'
PACKAGE='zoids-quest'
PACKAGE_BUGREPORT=''
PACKAGE_NAME='Zoids-Quest'
PACKAGE_STRING='Zoids-Quest 0.0.1'
PACKAGE_TARNAME='zoids-quest'
PACKAGE_VERSION='0.0.1'
PATH_SEPARATOR=':'
SDL_CFLAGS='-I/opt/local/include/SDL -D_GNU_SOURCE=1 -D_THREAD_SAFE'
SDL_CONFIG='/opt/local/bin/sdl-config'
SDL_LIBS='-L/opt/local/lib -lSDLmain -Wl,-framework,AppKit -lSDL -Wl,-framework,Cocoa'
SET_MAKE=''
SHELL='/bin/sh'
STRIP=''
VERSION='0.0.1'
XML2_CONFIG='/opt/local/bin/xml2-config'
XML_CPPFLAGS='-I/opt/local/include/libxml2'
XML_LIBS='-L/opt/local/lib -lxml2 -lz -lpthread -liconv -lm'
ac_ct_CC='gcc'
ac_ct_CXX='g++'
ac_ct_STRIP=''
am__fastdepCC_FALSE='#'
am__fastdepCC_TRUE=''
am__fastdepCXX_FALSE='#'
am__fastdepCXX_TRUE=''
am__include='include'
am__leading_dot='.'
am__quote=''
am__tar='${AMTAR} chof - "$$tardir"'
am__untar='${AMTAR} xf -'
bindir='${exec_prefix}/bin'
build='i686-apple-darwin10.8.0'
build_alias=''
build_cpu='i686'
build_os='darwin10.8.0'
build_vendor='apple'
datadir='${prefix}/share'
exec_prefix='${prefix}'
host='i686-apple-darwin10.8.0'
host_alias=''
host_cpu='i686'
host_os='darwin10.8.0'
host_vendor='apple'
includedir='${prefix}/include'
infodir='${prefix}/info'
install_sh='/Users/maxatkin/Documents/src/zoidsquest-0.0.2/install-sh'
libdir='${exec_prefix}/lib'
libexecdir='${exec_prefix}/libexec'
localstatedir='${prefix}/var'
mandir='${prefix}/man'
mkdir_p='$(install_sh) -d'
oldincludedir='/usr/include'
prefix='/usr/local'
program_transform_name='s,x,x,'
sbindir='${exec_prefix}/sbin'
sharedstatedir='${prefix}/com'
sysconfdir='${prefix}/etc'
target='i686-apple-darwin10.8.0'
target_alias=''
target_cpu='i686'
target_os='darwin10.8.0'
target_vendor='apple'

## ----------- ##
## confdefs.h. ##
## ----------- ##

#define HAVE_INTTYPES_H 1
#define HAVE_LIBSDL_GFX 1
#define HAVE_LIBSDL_IMAGE 1
#define HAVE_LIBSDL_MIXER 1
#define HAVE_MEMORY_H 1
#define HAVE_STDBOOL_H 1
#define HAVE_STDINT_H 1
#define HAVE_STDLIB_H 1
#define HAVE_STDLIB_H 1
#define HAVE_STRINGS_H 1
#define HAVE_STRINGS_H 1
#define HAVE_STRING_H 1
#define HAVE_STRING_H 1
#define HAVE_SYS_STAT_H 1
#define HAVE_SYS_TYPES_H 1
#define HAVE_UNISTD_H 1
#define HAVE_UNISTD_H 1
#define HAVE__BOOL 1
#define PACKAGE "zoids-quest"
#define PACKAGE_BUGREPORT ""
#define PACKAGE_NAME "Zoids-Quest"
#define PACKAGE_STRING "Zoids-Quest 0.0.1"
#define PACKAGE_TARNAME "zoids-quest"
#define PACKAGE_VERSION "0.0.1"
#define STDC_HEADERS 1
#define VERSION "0.0.1"
#endif
#ifdef __cplusplus
extern "C" void exit (int);

configure: exit 0
